
*** Running vivado
    with args -log ALU_top.vds -m64 -product Vivado -mode batch -messageDb vivado.pb -notrace -source ALU_top.tcl



****** Vivado v2021.1 (64-bit)
  **** SW Build 3247384 on Thu Jun 10 19:36:33 MDT 2021
  **** IP Build 3246043 on Fri Jun 11 00:30:35 MDT 2021
    ** Copyright 1986-2021 Xilinx, Inc. All Rights Reserved.

source ALU_top.tcl -notrace
Command: synth_design -top ALU_top -part xc7a100tcsg324-1
Starting synth_design
Attempting to get a license for feature 'Synthesis' and/or device 'xc7a100t'
INFO: [Common 17-349] Got license for feature 'Synthesis' and/or device 'xc7a100t'
INFO: [Device 21-403] Loading part xc7a100tcsg324-1
INFO: [Synth 8-7079] Multithreading enabled for synth_design using a maximum of 2 processes.
INFO: [Synth 8-7078] Launching helper process for spawning children vivado processes
INFO: [Synth 8-7075] Helper process launched with PID 17760
---------------------------------------------------------------------------------
Starting RTL Elaboration : Time (s): cpu = 00:00:07 ; elapsed = 00:00:08 . Memory (MB): peak = 1136.672 ; gain = 0.000
---------------------------------------------------------------------------------
INFO: [Synth 8-638] synthesizing module 'ALU_top' [C:/Users/Anestman/Documents/VLSI_labs/project_3/VHDL/ALU_top.vhd:18]
INFO: [Synth 8-3491] module 'ALU_ctrl' declared at 'C:/Users/Anestman/Documents/VLSI_labs/project_3/VHDL/ALU_ctrl.vhd:5' bound to instance 'ALU_ctrl_inst' of component 'ALU_ctrl' [C:/Users/Anestman/Documents/VLSI_labs/project_3/VHDL/ALU_top.vhd:90]
INFO: [Synth 8-638] synthesizing module 'ALU_ctrl' [C:/Users/Anestman/Documents/VLSI_labs/project_3/VHDL/ALU_ctrl.vhd:17]
INFO: [Synth 8-3491] module 'debouncer' declared at 'C:/Users/Anestman/Documents/VLSI_labs/project_3/VHDL/ALU_components.vhd:56' bound to instance 'Debouncer_enter_inst' of component 'debouncer' [C:/Users/Anestman/Documents/VLSI_labs/project_3/VHDL/ALU_ctrl.vhd:39]
INFO: [Synth 8-638] synthesizing module 'debouncer' [C:/Users/Anestman/Documents/VLSI_labs/project_3/VHDL/ALU_components.vhd:64]
INFO: [Synth 8-256] done synthesizing module 'debouncer' (1#1) [C:/Users/Anestman/Documents/VLSI_labs/project_3/VHDL/ALU_components.vhd:64]
INFO: [Synth 8-3491] module 'debouncer' declared at 'C:/Users/Anestman/Documents/VLSI_labs/project_3/VHDL/ALU_components.vhd:56' bound to instance 'Debouncer_sign_inst' of component 'debouncer' [C:/Users/Anestman/Documents/VLSI_labs/project_3/VHDL/ALU_ctrl.vhd:47]
INFO: [Synth 8-256] done synthesizing module 'ALU_ctrl' (2#1) [C:/Users/Anestman/Documents/VLSI_labs/project_3/VHDL/ALU_ctrl.vhd:17]
INFO: [Synth 8-3491] module 'regUpdate' declared at 'C:/Users/Anestman/Documents/VLSI_labs/project_3/VHDL/regUpdate.vhd:9' bound to instance 'regUpdate_inst' of component 'regUpdate' [C:/Users/Anestman/Documents/VLSI_labs/project_3/VHDL/ALU_top.vhd:100]
INFO: [Synth 8-638] synthesizing module 'regUpdate' [C:/Users/Anestman/Documents/VLSI_labs/project_3/VHDL/regUpdate.vhd:19]
INFO: [Synth 8-256] done synthesizing module 'regUpdate' (3#1) [C:/Users/Anestman/Documents/VLSI_labs/project_3/VHDL/regUpdate.vhd:19]
INFO: [Synth 8-3491] module 'ALU' declared at 'C:/Users/Anestman/Documents/VLSI_labs/project_3/VHDL/ALU.vhd:9' bound to instance 'ALU_inst' of component 'ALU' [C:/Users/Anestman/Documents/VLSI_labs/project_3/VHDL/ALU_top.vhd:110]
INFO: [Synth 8-638] synthesizing module 'ALU' [C:/Users/Anestman/Documents/VLSI_labs/project_3/VHDL/ALU.vhd:19]
INFO: [Synth 8-256] done synthesizing module 'ALU' (4#1) [C:/Users/Anestman/Documents/VLSI_labs/project_3/VHDL/ALU.vhd:19]
INFO: [Synth 8-3491] module 'binary2BCD' declared at 'C:/Users/Anestman/Documents/VLSI_labs/project_3/VHDL/binary2BCD.vhd:7' bound to instance 'binary2BCD_inst' of component 'binary2BCD' [C:/Users/Anestman/Documents/VLSI_labs/project_3/VHDL/ALU_top.vhd:122]
INFO: [Synth 8-638] synthesizing module 'binary2BCD' [C:/Users/Anestman/Documents/VLSI_labs/project_3/VHDL/binary2BCD.vhd:20]
	Parameter WIDTH bound to: 8 - type: integer 
INFO: [Synth 8-3491] module 'Shift_Add_3' declared at 'C:/Users/Anestman/Documents/VLSI_labs/project_3/VHDL/ALU_components.vhd:132' bound to instance 'Shift_ADD3_1' of component 'Shift_Add_3' [C:/Users/Anestman/Documents/VLSI_labs/project_3/VHDL/binary2BCD.vhd:49]
INFO: [Synth 8-638] synthesizing module 'Shift_Add_3' [C:/Users/Anestman/Documents/VLSI_labs/project_3/VHDL/ALU_components.vhd:138]
INFO: [Synth 8-256] done synthesizing module 'Shift_Add_3' (5#1) [C:/Users/Anestman/Documents/VLSI_labs/project_3/VHDL/ALU_components.vhd:138]
INFO: [Synth 8-3491] module 'Shift_Add_3' declared at 'C:/Users/Anestman/Documents/VLSI_labs/project_3/VHDL/ALU_components.vhd:132' bound to instance 'Shift_ADD3_2' of component 'Shift_Add_3' [C:/Users/Anestman/Documents/VLSI_labs/project_3/VHDL/binary2BCD.vhd:55]
INFO: [Synth 8-3491] module 'Shift_Add_3' declared at 'C:/Users/Anestman/Documents/VLSI_labs/project_3/VHDL/ALU_components.vhd:132' bound to instance 'Shift_ADD3_3' of component 'Shift_Add_3' [C:/Users/Anestman/Documents/VLSI_labs/project_3/VHDL/binary2BCD.vhd:61]
INFO: [Synth 8-3491] module 'Shift_Add_3' declared at 'C:/Users/Anestman/Documents/VLSI_labs/project_3/VHDL/ALU_components.vhd:132' bound to instance 'Shift_ADD3_4' of component 'Shift_Add_3' [C:/Users/Anestman/Documents/VLSI_labs/project_3/VHDL/binary2BCD.vhd:66]
INFO: [Synth 8-3491] module 'Shift_Add_3' declared at 'C:/Users/Anestman/Documents/VLSI_labs/project_3/VHDL/ALU_components.vhd:132' bound to instance 'Shift_ADD3_5' of component 'Shift_Add_3' [C:/Users/Anestman/Documents/VLSI_labs/project_3/VHDL/binary2BCD.vhd:72]
INFO: [Synth 8-3491] module 'Shift_Add_3' declared at 'C:/Users/Anestman/Documents/VLSI_labs/project_3/VHDL/ALU_components.vhd:132' bound to instance 'Shift_ADD3_6' of component 'Shift_Add_3' [C:/Users/Anestman/Documents/VLSI_labs/project_3/VHDL/binary2BCD.vhd:77]
INFO: [Synth 8-3491] module 'Shift_Add_3' declared at 'C:/Users/Anestman/Documents/VLSI_labs/project_3/VHDL/ALU_components.vhd:132' bound to instance 'Shift_ADD3_7' of component 'Shift_Add_3' [C:/Users/Anestman/Documents/VLSI_labs/project_3/VHDL/binary2BCD.vhd:82]
INFO: [Synth 8-256] done synthesizing module 'binary2BCD' (6#1) [C:/Users/Anestman/Documents/VLSI_labs/project_3/VHDL/binary2BCD.vhd:20]
INFO: [Synth 8-3491] module 'seven_seg_driver' declared at 'C:/Users/Anestman/Documents/VLSI_labs/project_3/VHDL/7SegDriver.vhd:5' bound to instance 'seven_seg_driver_inst' of component 'seven_seg_driver' [C:/Users/Anestman/Documents/VLSI_labs/project_3/VHDL/ALU_top.vhd:130]
INFO: [Synth 8-638] synthesizing module 'seven_seg_driver' [C:/Users/Anestman/Documents/VLSI_labs/project_3/VHDL/7SegDriver.vhd:18]
INFO: [Synth 8-226] default block is never used [C:/Users/Anestman/Documents/VLSI_labs/project_3/VHDL/7SegDriver.vhd:93]
INFO: [Synth 8-226] default block is never used [C:/Users/Anestman/Documents/VLSI_labs/project_3/VHDL/7SegDriver.vhd:149]
INFO: [Synth 8-256] done synthesizing module 'seven_seg_driver' (7#1) [C:/Users/Anestman/Documents/VLSI_labs/project_3/VHDL/7SegDriver.vhd:18]
INFO: [Synth 8-256] done synthesizing module 'ALU_top' (8#1) [C:/Users/Anestman/Documents/VLSI_labs/project_3/VHDL/ALU_top.vhd:18]
---------------------------------------------------------------------------------
Finished RTL Elaboration : Time (s): cpu = 00:00:09 ; elapsed = 00:00:10 . Memory (MB): peak = 1136.672 ; gain = 0.000
---------------------------------------------------------------------------------
---------------------------------------------------------------------------------
Start Handling Custom Attributes
---------------------------------------------------------------------------------
---------------------------------------------------------------------------------
Finished Handling Custom Attributes : Time (s): cpu = 00:00:09 ; elapsed = 00:00:11 . Memory (MB): peak = 1136.672 ; gain = 0.000
---------------------------------------------------------------------------------
---------------------------------------------------------------------------------
Finished RTL Optimization Phase 1 : Time (s): cpu = 00:00:09 ; elapsed = 00:00:11 . Memory (MB): peak = 1136.672 ; gain = 0.000
---------------------------------------------------------------------------------
Netlist sorting complete. Time (s): cpu = 00:00:00 ; elapsed = 00:00:00.006 . Memory (MB): peak = 1136.672 ; gain = 0.000
INFO: [Project 1-570] Preparing netlist for logic optimization

Processing XDC Constraints
Initializing timing engine
Parsing XDC File [C:/Users/Anestman/Documents/VLSI_labs/project_3/VHDL/Nexys4Master.xdc]
Finished Parsing XDC File [C:/Users/Anestman/Documents/VLSI_labs/project_3/VHDL/Nexys4Master.xdc]
Completed Processing XDC Constraints

Netlist sorting complete. Time (s): cpu = 00:00:00 ; elapsed = 00:00:00 . Memory (MB): peak = 1136.672 ; gain = 0.000
INFO: [Project 1-111] Unisim Transformation Summary:
No Unisim elements were transformed.

Constraint Validation Runtime : Time (s): cpu = 00:00:00 ; elapsed = 00:00:00.006 . Memory (MB): peak = 1136.672 ; gain = 0.000
---------------------------------------------------------------------------------
Finished Constraint Validation : Time (s): cpu = 00:00:20 ; elapsed = 00:00:22 . Memory (MB): peak = 1136.672 ; gain = 0.000
---------------------------------------------------------------------------------
---------------------------------------------------------------------------------
Start Loading Part and Timing Information
---------------------------------------------------------------------------------
Loading part: xc7a100tcsg324-1
---------------------------------------------------------------------------------
Finished Loading Part and Timing Information : Time (s): cpu = 00:00:20 ; elapsed = 00:00:22 . Memory (MB): peak = 1136.672 ; gain = 0.000
---------------------------------------------------------------------------------
---------------------------------------------------------------------------------
Start Applying 'set_property' XDC Constraints
---------------------------------------------------------------------------------
---------------------------------------------------------------------------------
Finished applying 'set_property' XDC Constraints : Time (s): cpu = 00:00:20 ; elapsed = 00:00:22 . Memory (MB): peak = 1136.672 ; gain = 0.000
---------------------------------------------------------------------------------
INFO: [Synth 8-802] inferred FSM for state register 'FN_buffer_reg' in module 'ALU_ctrl'
---------------------------------------------------------------------------------------------------
                   State |                     New Encoding |                Previous Encoding 
---------------------------------------------------------------------------------------------------
                 iSTATE5 |                         00000001 |                             0000
                  iSTATE |                         00000010 |                             0001
                 iSTATE0 |                         00000100 |                             0010
                 iSTATE1 |                         00001000 |                             0011
                 iSTATE2 |                         00010000 |                             0100
                 iSTATE3 |                         00100000 |                             1010
                 iSTATE4 |                         01000000 |                             1011
                 iSTATE6 |                         10000000 |                             1100
---------------------------------------------------------------------------------------------------
INFO: [Synth 8-3354] encoded FSM with state register 'FN_buffer_reg' using encoding 'one-hot' in module 'ALU_ctrl'
---------------------------------------------------------------------------------
Finished RTL Optimization Phase 2 : Time (s): cpu = 00:00:20 ; elapsed = 00:00:23 . Memory (MB): peak = 1136.672 ; gain = 0.000
---------------------------------------------------------------------------------
---------------------------------------------------------------------------------
Start RTL Component Statistics 
---------------------------------------------------------------------------------
Detailed RTL Component Info : 
+---Adders : 
	   2 Input    9 Bit       Adders := 1     
	   3 Input    9 Bit       Adders := 1     
	   2 Input    8 Bit       Adders := 8     
	   2 Input    4 Bit       Adders := 7     
	   2 Input    3 Bit       Adders := 2     
+---XORs : 
	   2 Input      1 Bit         XORs := 4     
+---Registers : 
	                8 Bit    Registers := 2     
	                3 Bit    Registers := 2     
	                2 Bit    Registers := 1     
	                1 Bit    Registers := 5     
+---Muxes : 
	   2 Input   10 Bit        Muxes := 1     
	   9 Input    9 Bit        Muxes := 1     
	   8 Input    8 Bit        Muxes := 2     
	   2 Input    8 Bit        Muxes := 11    
	   9 Input    8 Bit        Muxes := 1     
	   7 Input    8 Bit        Muxes := 1     
	   8 Input    4 Bit        Muxes := 1     
	   2 Input    4 Bit        Muxes := 16    
	   5 Input    4 Bit        Muxes := 1     
	   9 Input    3 Bit        Muxes := 1     
	   2 Input    3 Bit        Muxes := 1     
	   4 Input    2 Bit        Muxes := 1     
	   2 Input    1 Bit        Muxes := 3     
	   9 Input    1 Bit        Muxes := 2     
---------------------------------------------------------------------------------
Finished RTL Component Statistics 
---------------------------------------------------------------------------------
---------------------------------------------------------------------------------
Start Part Resource Summary
---------------------------------------------------------------------------------
Part Resources:
DSPs: 240 (col length:80)
BRAMs: 270 (col length: RAMB18 80 RAMB36 40)
---------------------------------------------------------------------------------
Finished Part Resource Summary
---------------------------------------------------------------------------------
---------------------------------------------------------------------------------
Start Cross Boundary and Area Optimization
---------------------------------------------------------------------------------
---------------------------------------------------------------------------------
Finished Cross Boundary and Area Optimization : Time (s): cpu = 00:00:23 ; elapsed = 00:00:26 . Memory (MB): peak = 1136.672 ; gain = 0.000
---------------------------------------------------------------------------------
---------------------------------------------------------------------------------
Start Applying XDC Timing Constraints
---------------------------------------------------------------------------------
---------------------------------------------------------------------------------
Finished Applying XDC Timing Constraints : Time (s): cpu = 00:00:33 ; elapsed = 00:00:36 . Memory (MB): peak = 1136.672 ; gain = 0.000
---------------------------------------------------------------------------------
---------------------------------------------------------------------------------
Start Timing Optimization
---------------------------------------------------------------------------------
---------------------------------------------------------------------------------
Finished Timing Optimization : Time (s): cpu = 00:00:33 ; elapsed = 00:00:36 . Memory (MB): peak = 1136.672 ; gain = 0.000
---------------------------------------------------------------------------------
---------------------------------------------------------------------------------
Start Technology Mapping
---------------------------------------------------------------------------------
---------------------------------------------------------------------------------
Finished Technology Mapping : Time (s): cpu = 00:00:33 ; elapsed = 00:00:36 . Memory (MB): peak = 1136.672 ; gain = 0.000
---------------------------------------------------------------------------------
---------------------------------------------------------------------------------
Start IO Insertion
---------------------------------------------------------------------------------
---------------------------------------------------------------------------------
Start Flattening Before IO Insertion
---------------------------------------------------------------------------------
---------------------------------------------------------------------------------
Finished Flattening Before IO Insertion
---------------------------------------------------------------------------------
---------------------------------------------------------------------------------
Start Final Netlist Cleanup
---------------------------------------------------------------------------------
---------------------------------------------------------------------------------
Finished Final Netlist Cleanup
---------------------------------------------------------------------------------
---------------------------------------------------------------------------------
Finished IO Insertion : Time (s): cpu = 00:00:39 ; elapsed = 00:00:42 . Memory (MB): peak = 1136.672 ; gain = 0.000
---------------------------------------------------------------------------------
---------------------------------------------------------------------------------
Start Renaming Generated Instances
---------------------------------------------------------------------------------
---------------------------------------------------------------------------------
Finished Renaming Generated Instances : Time (s): cpu = 00:00:39 ; elapsed = 00:00:42 . Memory (MB): peak = 1136.672 ; gain = 0.000
---------------------------------------------------------------------------------
---------------------------------------------------------------------------------
Start Rebuilding User Hierarchy
---------------------------------------------------------------------------------
---------------------------------------------------------------------------------
Finished Rebuilding User Hierarchy : Time (s): cpu = 00:00:39 ; elapsed = 00:00:42 . Memory (MB): peak = 1136.672 ; gain = 0.000
---------------------------------------------------------------------------------
---------------------------------------------------------------------------------
Start Renaming Generated Ports
---------------------------------------------------------------------------------
---------------------------------------------------------------------------------
Finished Renaming Generated Ports : Time (s): cpu = 00:00:39 ; elapsed = 00:00:42 . Memory (MB): peak = 1136.672 ; gain = 0.000
---------------------------------------------------------------------------------
---------------------------------------------------------------------------------
Start Handling Custom Attributes
---------------------------------------------------------------------------------
---------------------------------------------------------------------------------
Finished Handling Custom Attributes : Time (s): cpu = 00:00:39 ; elapsed = 00:00:42 . Memory (MB): peak = 1136.672 ; gain = 0.000
---------------------------------------------------------------------------------
---------------------------------------------------------------------------------
Start Renaming Generated Nets
---------------------------------------------------------------------------------
---------------------------------------------------------------------------------
Finished Renaming Generated Nets : Time (s): cpu = 00:00:39 ; elapsed = 00:00:42 . Memory (MB): peak = 1136.672 ; gain = 0.000
---------------------------------------------------------------------------------
---------------------------------------------------------------------------------
Start Writing Synthesis Report
---------------------------------------------------------------------------------

Report BlackBoxes: 
+-+--------------+----------+
| |BlackBox name |Instances |
+-+--------------+----------+
+-+--------------+----------+

Report Cell Usage: 
+------+-------+------+
|      |Cell   |Count |
+------+-------+------+
|1     |BUFG   |     1|
|2     |CARRY4 |     5|
|3     |LUT1   |     3|
|4     |LUT2   |    23|
|5     |LUT3   |     4|
|6     |LUT4   |     1|
|7     |LUT5   |     2|
|8     |LUT6   |     7|
|9     |FDCE   |    26|
|10    |FDPE   |     1|
|11    |FDRE   |    10|
|12    |IBUF   |    12|
|13    |OBUF   |    12|
+------+-------+------+
---------------------------------------------------------------------------------
Finished Writing Synthesis Report : Time (s): cpu = 00:00:39 ; elapsed = 00:00:42 . Memory (MB): peak = 1136.672 ; gain = 0.000
---------------------------------------------------------------------------------
Synthesis finished with 0 errors, 0 critical warnings and 0 warnings.
Synthesis Optimization Runtime : Time (s): cpu = 00:00:28 ; elapsed = 00:00:39 . Memory (MB): peak = 1136.672 ; gain = 0.000
Synthesis Optimization Complete : Time (s): cpu = 00:00:40 ; elapsed = 00:00:43 . Memory (MB): peak = 1136.672 ; gain = 0.000
INFO: [Project 1-571] Translating synthesized netlist
Netlist sorting complete. Time (s): cpu = 00:00:00 ; elapsed = 00:00:00.001 . Memory (MB): peak = 1136.672 ; gain = 0.000
INFO: [Netlist 29-17] Analyzing 5 Unisim elements for replacement
INFO: [Netlist 29-28] Unisim Transformation completed in 0 CPU seconds
INFO: [Project 1-570] Preparing netlist for logic optimization
INFO: [Opt 31-138] Pushed 0 inverter(s) to 0 load pin(s).
Netlist sorting complete. Time (s): cpu = 00:00:00 ; elapsed = 00:00:00 . Memory (MB): peak = 1136.672 ; gain = 0.000
INFO: [Project 1-111] Unisim Transformation Summary:
No Unisim elements were transformed.

Synth Design complete, checksum: 5a6e678a
INFO: [Common 17-83] Releasing license: Synthesis
48 Infos, 0 Warnings, 0 Critical Warnings and 0 Errors encountered.
synth_design completed successfully
synth_design: Time (s): cpu = 00:00:46 ; elapsed = 00:00:52 . Memory (MB): peak = 1136.672 ; gain = 0.000
INFO: [Common 17-1381] The checkpoint 'C:/Users/Anestman/Documents/VLSI_labs/project_3/project_3.runs/synth_1/ALU_top.dcp' has been generated.
INFO: [runtcl-4] Executing : report_utilization -file ALU_top_utilization_synth.rpt -pb ALU_top_utilization_synth.pb
INFO: [Common 17-206] Exiting Vivado at Sun Oct 31 22:44:23 2021...
